<Objs Version="1.1.0.1" xmlns="http://schemas.microsoft.com/powershell/2004/04">
  <Obj RefId="0">
    <TN RefId="0">
      <T>System.Management.Automation.PSCustomObject</T>
      <T>System.Object</T>
    </TN>
    <MS>
      <S N="Subscription">Pay-As-You-Go</S>
      <S N="ResourceGroupName">df6e23e2-2bed-4fd0-a767-60c426aa018c</S>
      <S N="ServiceBusNamespace">df6e23e2-2bed-4fd0-a767-60c426aa018c</S>
      <S N="ConnectionString">Endpoint=sb://df6e23e2-2bed-4fd0-a767-60c426aa018c.servicebus.windows.net/;SharedAccessKeyName=RootManageSharedAccessKey;SharedAccessKey=jaSW/QR6qVcJbbCVM3A0t66+SDXQZX0n8sfXvAcAd2E=</S>
    </MS>
  </Obj>
</Objs>